# JRE version: OpenJDK Runtime Environment (11.0.2+9) (build 11.0.2+9)
# Java VM: OpenJDK 64-Bit Server VM (11.0.2+9, mixed mode, tiered, compressed oops, g1 gc, windows-amd64)
Heap:
 garbage-first heap   total 328704K, used 228356K [0x0000000080000000, 0x0000000100000000)
  region size 1024K, 9 young (9216K), 4 survivors (4096K)
 Metaspace       used 130517K, capacity 135958K, committed 136140K, reserved 634880K
  class space    used 16733K, capacity 18741K, committed 18764K, reserved 516096K
GC Heap History (10 events):
Event: 11751.439 GC heap before
{Heap before GC invocations=128 (full 0):
 garbage-first heap   total 328704K, used 237296K [0x0000000080000000, 0x0000000100000000)
  region size 1024K, 16 young (16384K), 7 survivors (7168K)
 Metaspace       used 130344K, capacity 135655K, committed 135884K, reserved 634880K
  class space    used 16716K, capacity 18712K, committed 18764K, reserved 516096K
}
Event: 11751.451 GC heap after
{Heap after GC invocations=129 (full 0):
 garbage-first heap   total 328704K, used 224664K [0x0000000080000000, 0x0000000100000000)
  region size 1024K, 2 young (2048K), 2 survivors (2048K)
 Metaspace       used 130344K, capacity 135655K, committed 135884K, reserved 634880K
  class space    used 16716K, capacity 18712K, committed 18764K, reserved 516096K
}
Event: 12853.700 GC heap before
{Heap before GC invocations=129 (full 0):
 garbage-first heap   total 328704K, used 278936K [0x0000000080000000, 0x0000000100000000)
  region size 1024K, 55 young (56320K), 2 survivors (2048K)
 Metaspace       used 130378K, capacity 135743K, committed 135884K, reserved 634880K
  class space    used 16718K, capacity 18716K, committed 18764K, reserved 516096K
}
Event: 12853.715 GC heap after
{Heap after GC invocations=130 (full 0):
 garbage-first heap   total 328704K, used 225096K [0x0000000080000000, 0x0000000100000000)
  region size 1024K, 2 young (2048K), 2 survivors (2048K)
 Metaspace       used 130378K, capacity 135743K, committed 135884K, reserved 634880K
  class space    used 16718K, capacity 18716K, committed 18764K, reserved 516096K
}
Event: 15599.359 GC heap before
{Heap before GC invocations=131 (full 0):
 garbage-first heap   total 328704K, used 280392K [0x0000000080000000, 0x0000000100000000)
  region size 1024K, 56 young (57344K), 2 survivors (2048K)
 Metaspace       used 130378K, capacity 135743K, committed 135884K, reserved 634880K
  class space    used 16718K, capacity 18716K, committed 18764K, reserved 516096K
}
Event: 15599.387 GC heap after
{Heap after GC invocations=132 (full 0):
 garbage-first heap   total 328704K, used 224854K [0x0000000080000000, 0x0000000100000000)
  region size 1024K, 2 young (2048K), 2 survivors (2048K)
 Metaspace       used 130378K, capacity 135743K, committed 135884K, reserved 634880K
  class space    used 16718K, capacity 18716K, committed 18764K, reserved 516096K
}
Event: 16302.135 GC heap before
{Heap before GC invocations=132 (full 0):
 garbage-first heap   total 328704K, used 239190K [0x0000000080000000, 0x0000000100000000)
  region size 1024K, 16 young (16384K), 2 survivors (2048K)
 Metaspace       used 130378K, capacity 135743K, committed 135884K, reserved 634880K
  class space    used 16718K, capacity 18716K, committed 18764K, reserved 516096K
}
Event: 16302.226 GC heap after
{Heap after GC invocations=133 (full 0):
 garbage-first heap   total 328704K, used 220713K [0x0000000080000000, 0x0000000100000000)
  region size 1024K, 1 young (1024K), 1 survivors (1024K)
 Metaspace       used 130378K, capacity 135743K, committed 135884K, reserved 634880K
  class space    used 16718K, capacity 18716K, committed 18764K, reserved 516096K
}
Event: 16468.486 GC heap before
{Heap before GC invocations=133 (full 0):
 garbage-first heap   total 328704K, used 278057K [0x0000000080000000, 0x0000000100000000)
  region size 1024K, 58 young (59392K), 1 survivors (1024K)
 Metaspace       used 130499K, capacity 135946K, committed 136140K, reserved 634880K
  class space    used 16732K, capacity 18739K, committed 18764K, reserved 516096K
}
Event: 16468.507 GC heap after
{Heap after GC invocations=134 (full 0):
 garbage-first heap   total 328704K, used 224260K [0x0000000080000000, 0x0000000100000000)
  region size 1024K, 4 young (4096K), 4 survivors (4096K)
 Metaspace       used 130499K, capacity 135946K, committed 136140K, reserved 634880K
  class space    used 16732K, capacity 18739K, committed 18764K, reserved 516096K
}

